2019/12/09-15:07:13 INFO  [main] com.jsh.erp.ErpApplication - Starting ErpApplication on DESKTOP-8QF62RF with PID 157600 (E:\gitProject\JSH_ERP\target\classes started by swomr-cn in E:\gitProject\JSH_ERP)
2019/12/09-15:07:13 DEBUG [main] com.jsh.erp.ErpApplication - Running with Spring Boot v2.1.3.RELEASE, Spring v5.1.5.RELEASE
2019/12/09-15:07:13 INFO  [main] com.jsh.erp.ErpApplication - No active profile set, falling back to default profiles: default
2019/12/09-15:07:47 INFO  [main] com.jsh.erp.ErpApplication - Started ErpApplication in 40.584 seconds (JVM running for 58.131)
2019/12/09-15:11:07 INFO  [http-nio-8080-exec-2] com.jsh.erp.controller.UserController - ============用户登录 login 方法调用开始==============
2019/12/09-15:11:08 DEBUG [http-nio-8080-exec-2] com.jsh.erp.datasource.mappers.UserMapper.selectByExample - ==>  Preparing: SELECT id, username, loginame, password, position, department, email, phonenum, ismanager, isystem, Status, description, remark, tenant_id FROM jsh_user WHERE (loginame = ?) 
2019/12/09-15:11:08 DEBUG [http-nio-8080-exec-2] com.jsh.erp.datasource.mappers.UserMapper.selectByExample - ==> Parameters: jsh(String)
2019/12/09-15:11:08 DEBUG [http-nio-8080-exec-2] com.jsh.erp.datasource.mappers.UserMapper.selectByExample - <==      Total: 1
2019/12/09-15:11:08 DEBUG [http-nio-8080-exec-2] com.jsh.erp.datasource.mappers.UserMapper.selectByExample - ==>  Preparing: SELECT id, username, loginame, password, position, department, email, phonenum, ismanager, isystem, Status, description, remark, tenant_id FROM jsh_user WHERE (loginame = ? AND password = ?) 
2019/12/09-15:11:08 DEBUG [http-nio-8080-exec-2] com.jsh.erp.datasource.mappers.UserMapper.selectByExample - ==> Parameters: jsh(String), e10adc3949ba59abbe56e057f20f883e(String)
2019/12/09-15:11:08 DEBUG [http-nio-8080-exec-2] com.jsh.erp.datasource.mappers.UserMapper.selectByExample - <==      Total: 1
2019/12/09-15:11:08 DEBUG [http-nio-8080-exec-2] com.jsh.erp.datasource.mappers.UserMapper.selectByExample - ==>  Preparing: SELECT id, username, loginame, password, position, department, email, phonenum, ismanager, isystem, Status, description, remark, tenant_id FROM jsh_user WHERE (loginame = ?) 
2019/12/09-15:11:08 DEBUG [http-nio-8080-exec-2] com.jsh.erp.datasource.mappers.UserMapper.selectByExample - ==> Parameters: jsh(String)
2019/12/09-15:11:08 DEBUG [http-nio-8080-exec-2] com.jsh.erp.datasource.mappers.UserMapper.selectByExample - <==      Total: 1
2019/12/09-15:11:08 DEBUG [http-nio-8080-exec-2] com.jsh.erp.datasource.mappers.TenantMapper.selectByExample - ==>  Preparing: SELECT id, tenant_id, login_name, user_num_limit, bills_num_limit, create_time FROM jsh_tenant WHERE (tenant_id = ?) 
2019/12/09-15:11:08 DEBUG [http-nio-8080-exec-2] com.jsh.erp.datasource.mappers.TenantMapper.selectByExample - ==> Parameters: 63(Long)
2019/12/09-15:11:08 DEBUG [http-nio-8080-exec-2] com.jsh.erp.datasource.mappers.TenantMapper.selectByExample - <==      Total: 1
2019/12/09-15:11:08 DEBUG [http-nio-8080-exec-2] com.jsh.erp.datasource.mappers.LogMapper.insertSelective - ==>  Preparing: INSERT INTO jsh_log (userID, operation, clientIP, createtime, status, contentdetails, tenant_id) VALUES (?, ?, ?, ?, ?, ?, 63) 
2019/12/09-15:11:09 DEBUG [http-nio-8080-exec-2] com.jsh.erp.datasource.mappers.LogMapper.insertSelective - ==> Parameters: 63(Long), 用户(String), 0:0:0:0:0:0:0:1(String), 2019-12-09 15:11:08.944(Timestamp), 0(Byte), 登录,id:63用户(String)
2019/12/09-15:11:09 DEBUG [http-nio-8080-exec-2] com.jsh.erp.datasource.mappers.LogMapper.insertSelective - <==    Updates: 1
2019/12/09-15:11:09 INFO  [http-nio-8080-exec-2] com.jsh.erp.controller.UserController - ===============用户登录 login 方法调用结束===============
2019/12/09-15:11:10 DEBUG [http-nio-8080-exec-3] com.jsh.erp.datasource.mappers.UserBusinessMapper.selectByExample - ==>  Preparing: SELECT Id, Type, KeyId, Value, BtnStr, delete_Flag FROM jsh_userbusiness WHERE (KeyId = ? AND Type = ? AND delete_Flag <> ?) 
2019/12/09-15:11:10 DEBUG [http-nio-8080-exec-3] com.jsh.erp.datasource.mappers.UserBusinessMapper.selectByExample - ==> Parameters: 63(String), UserRole(String), 1(String)
2019/12/09-15:11:10 DEBUG [http-nio-8080-exec-3] com.jsh.erp.datasource.mappers.UserBusinessMapper.selectByExample - <==      Total: 1
2019/12/09-15:11:10 DEBUG [http-nio-8080-exec-8] com.jsh.erp.datasource.mappers.UserBusinessMapper.selectByExample - ==>  Preparing: SELECT Id, Type, KeyId, Value, BtnStr, delete_Flag FROM jsh_userbusiness WHERE (KeyId = ? AND Type = ? AND delete_Flag <> ?) 
2019/12/09-15:11:10 DEBUG [http-nio-8080-exec-8] com.jsh.erp.datasource.mappers.UserBusinessMapper.selectByExample - ==> Parameters: 10(String), RoleFunctions(String), 1(String)
2019/12/09-15:11:10 DEBUG [http-nio-8080-exec-8] com.jsh.erp.datasource.mappers.UserBusinessMapper.selectByExample - <==      Total: 1
2019/12/09-15:11:10 DEBUG [http-nio-8080-exec-4] com.jsh.erp.datasource.mappers.FunctionsMapper.selectByExample - ==>  Preparing: SELECT Id, Number, Name, PNumber, URL, State, Sort, Enabled, Type, PushBtn, icon, delete_Flag FROM jsh_functions WHERE (Enabled = ? AND PNumber = ? AND delete_Flag <> ?) ORDER BY Sort 
2019/12/09-15:11:10 DEBUG [http-nio-8080-exec-4] com.jsh.erp.datasource.mappers.FunctionsMapper.selectByExample - ==> Parameters: true(Boolean), 0(String), 1(String)
2019/12/09-15:11:10 DEBUG [http-nio-8080-exec-4] com.jsh.erp.datasource.mappers.FunctionsMapper.selectByExample - <==      Total: 9
2019/12/09-15:11:10 DEBUG [http-nio-8080-exec-4] com.jsh.erp.datasource.mappers.FunctionsMapper.selectByExample - ==>  Preparing: SELECT Id, Number, Name, PNumber, URL, State, Sort, Enabled, Type, PushBtn, icon, delete_Flag FROM jsh_functions WHERE (Enabled = ? AND PNumber = ? AND delete_Flag <> ?) ORDER BY Sort 
2019/12/09-15:11:10 DEBUG [http-nio-8080-exec-4] com.jsh.erp.datasource.mappers.FunctionsMapper.selectByExample - ==> Parameters: true(Boolean), 0401(String), 1(String)
2019/12/09-15:11:10 DEBUG [http-nio-8080-exec-4] com.jsh.erp.datasource.mappers.FunctionsMapper.selectByExample - <==      Total: 2
2019/12/09-15:11:10 DEBUG [http-nio-8080-exec-4] com.jsh.erp.datasource.mappers.FunctionsMapper.selectByExample - ==>  Preparing: SELECT Id, Number, Name, PNumber, URL, State, Sort, Enabled, Type, PushBtn, icon, delete_Flag FROM jsh_functions WHERE (Enabled = ? AND PNumber = ? AND delete_Flag <> ?) ORDER BY Sort 
2019/12/09-15:11:10 DEBUG [http-nio-8080-exec-4] com.jsh.erp.datasource.mappers.FunctionsMapper.selectByExample - ==> Parameters: true(Boolean), 040102(String), 1(String)
2019/12/09-15:11:10 DEBUG [http-nio-8080-exec-4] com.jsh.erp.datasource.mappers.FunctionsMapper.selectByExample - <==      Total: 0
2019/12/09-15:11:10 DEBUG [http-nio-8080-exec-4] com.jsh.erp.datasource.mappers.FunctionsMapper.selectByExample - ==>  Preparing: SELECT Id, Number, Name, PNumber, URL, State, Sort, Enabled, Type, PushBtn, icon, delete_Flag FROM jsh_functions WHERE (Enabled = ? AND PNumber = ? AND delete_Flag <> ?) ORDER BY Sort 
2019/12/09-15:11:10 DEBUG [http-nio-8080-exec-4] com.jsh.erp.datasource.mappers.FunctionsMapper.selectByExample - ==> Parameters: true(Boolean), 040104(String), 1(String)
2019/12/09-15:11:10 DEBUG [http-nio-8080-exec-4] com.jsh.erp.datasource.mappers.FunctionsMapper.selectByExample - <==      Total: 0
2019/12/09-15:11:10 DEBUG [http-nio-8080-exec-4] com.jsh.erp.datasource.mappers.FunctionsMapper.selectByExample - ==>  Preparing: SELECT Id, Number, Name, PNumber, URL, State, Sort, Enabled, Type, PushBtn, icon, delete_Flag FROM jsh_functions WHERE (Enabled = ? AND PNumber = ? AND delete_Flag <> ?) ORDER BY Sort 
2019/12/09-15:11:10 DEBUG [http-nio-8080-exec-4] com.jsh.erp.datasource.mappers.FunctionsMapper.selectByExample - ==> Parameters: true(Boolean), 0502(String), 1(String)
2019/12/09-15:11:10 DEBUG [http-nio-8080-exec-4] com.jsh.erp.datasource.mappers.FunctionsMapper.selectByExample - <==      Total: 3
2019/12/09-15:11:10 DEBUG [http-nio-8080-exec-4] com.jsh.erp.datasource.mappers.FunctionsMapper.selectByExample - ==>  Preparing: SELECT Id, Number, Name, PNumber, URL, State, Sort, Enabled, Type, PushBtn, icon, delete_Flag FROM jsh_functions WHERE (Enabled = ? AND PNumber = ? AND delete_Flag <> ?) ORDER BY Sort 
2019/12/09-15:11:10 DEBUG [http-nio-8080-exec-4] com.jsh.erp.datasource.mappers.FunctionsMapper.selectByExample - ==> Parameters: true(Boolean), 050202(String), 1(String)
2019/12/09-15:11:10 DEBUG [http-nio-8080-exec-4] com.jsh.erp.datasource.mappers.FunctionsMapper.selectByExample - <==      Total: 0
2019/12/09-15:11:10 DEBUG [http-nio-8080-exec-4] com.jsh.erp.datasource.mappers.FunctionsMapper.selectByExample - ==>  Preparing: SELECT Id, Number, Name, PNumber, URL, State, Sort, Enabled, Type, PushBtn, icon, delete_Flag FROM jsh_functions WHERE (Enabled = ? AND PNumber = ? AND delete_Flag <> ?) ORDER BY Sort 
2019/12/09-15:11:10 DEBUG [http-nio-8080-exec-4] com.jsh.erp.datasource.mappers.FunctionsMapper.selectByExample - ==> Parameters: true(Boolean), 050201(String), 1(String)
2019/12/09-15:11:10 DEBUG [http-nio-8080-exec-4] com.jsh.erp.datasource.mappers.FunctionsMapper.selectByExample - <==      Total: 0
2019/12/09-15:11:10 DEBUG [http-nio-8080-exec-4] com.jsh.erp.datasource.mappers.FunctionsMapper.selectByExample - ==>  Preparing: SELECT Id, Number, Name, PNumber, URL, State, Sort, Enabled, Type, PushBtn, icon, delete_Flag FROM jsh_functions WHERE (Enabled = ? AND PNumber = ? AND delete_Flag <> ?) ORDER BY Sort 
2019/12/09-15:11:10 DEBUG [http-nio-8080-exec-4] com.jsh.erp.datasource.mappers.FunctionsMapper.selectByExample - ==> Parameters: true(Boolean), 050204(String), 1(String)
2019/12/09-15:11:10 DEBUG [http-nio-8080-exec-4] com.jsh.erp.datasource.mappers.FunctionsMapper.selectByExample - <==      Total: 0
2019/12/09-15:11:10 DEBUG [http-nio-8080-exec-4] com.jsh.erp.datasource.mappers.FunctionsMapper.selectByExample - ==>  Preparing: SELECT Id, Number, Name, PNumber, URL, State, Sort, Enabled, Type, PushBtn, icon, delete_Flag FROM jsh_functions WHERE (Enabled = ? AND PNumber = ? AND delete_Flag <> ?) ORDER BY Sort 
2019/12/09-15:11:10 DEBUG [http-nio-8080-exec-4] com.jsh.erp.datasource.mappers.FunctionsMapper.selectByExample - ==> Parameters: true(Boolean), 0603(String), 1(String)
2019/12/09-15:11:10 DEBUG [http-nio-8080-exec-4] com.jsh.erp.datasource.mappers.FunctionsMapper.selectByExample - <==      Total: 3
2019/12/09-15:11:10 DEBUG [http-nio-8080-exec-4] com.jsh.erp.datasource.mappers.FunctionsMapper.selectByExample - ==>  Preparing: SELECT Id, Number, Name, PNumber, URL, State, Sort, Enabled, Type, PushBtn, icon, delete_Flag FROM jsh_functions WHERE (Enabled = ? AND PNumber = ? AND delete_Flag <> ?) ORDER BY Sort 
2019/12/09-15:11:10 DEBUG [http-nio-8080-exec-4] com.jsh.erp.datasource.mappers.FunctionsMapper.selectByExample - ==> Parameters: true(Boolean), 060301(String), 1(String)
2019/12/09-15:11:10 DEBUG [http-nio-8080-exec-4] com.jsh.erp.datasource.mappers.FunctionsMapper.selectByExample - <==      Total: 0
2019/12/09-15:11:10 DEBUG [http-nio-8080-exec-4] com.jsh.erp.datasource.mappers.FunctionsMapper.selectByExample - ==>  Preparing: SELECT Id, Number, Name, PNumber, URL, State, Sort, Enabled, Type, PushBtn, icon, delete_Flag FROM jsh_functions WHERE (Enabled = ? AND PNumber = ? AND delete_Flag <> ?) ORDER BY Sort 
2019/12/09-15:11:10 DEBUG [http-nio-8080-exec-4] com.jsh.erp.datasource.mappers.FunctionsMapper.selectByExample - ==> Parameters: true(Boolean), 060303(String), 1(String)
2019/12/09-15:11:10 DEBUG [http-nio-8080-exec-4] com.jsh.erp.datasource.mappers.FunctionsMapper.selectByExample - <==      Total: 0
2019/12/09-15:11:10 DEBUG [http-nio-8080-exec-4] com.jsh.erp.datasource.mappers.FunctionsMapper.selectByExample - ==>  Preparing: SELECT Id, Number, Name, PNumber, URL, State, Sort, Enabled, Type, PushBtn, icon, delete_Flag FROM jsh_functions WHERE (Enabled = ? AND PNumber = ? AND delete_Flag <> ?) ORDER BY Sort 
2019/12/09-15:11:10 DEBUG [http-nio-8080-exec-4] com.jsh.erp.datasource.mappers.FunctionsMapper.selectByExample - ==> Parameters: true(Boolean), 060305(String), 1(String)
2019/12/09-15:11:10 DEBUG [http-nio-8080-exec-4] com.jsh.erp.datasource.mappers.FunctionsMapper.selectByExample - <==      Total: 0
2019/12/09-15:11:10 DEBUG [http-nio-8080-exec-4] com.jsh.erp.datasource.mappers.FunctionsMapper.selectByExample - ==>  Preparing: SELECT Id, Number, Name, PNumber, URL, State, Sort, Enabled, Type, PushBtn, icon, delete_Flag FROM jsh_functions WHERE (Enabled = ? AND PNumber = ? AND delete_Flag <> ?) ORDER BY Sort 
2019/12/09-15:11:10 DEBUG [http-nio-8080-exec-4] com.jsh.erp.datasource.mappers.FunctionsMapper.selectByExample - ==> Parameters: true(Boolean), 0801(String), 1(String)
2019/12/09-15:11:10 DEBUG [http-nio-8080-exec-4] com.jsh.erp.datasource.mappers.FunctionsMapper.selectByExample - <==      Total: 5
2019/12/09-15:11:10 DEBUG [http-nio-8080-exec-4] com.jsh.erp.datasource.mappers.FunctionsMapper.selectByExample - ==>  Preparing: SELECT Id, Number, Name, PNumber, URL, State, Sort, Enabled, Type, PushBtn, icon, delete_Flag FROM jsh_functions WHERE (Enabled = ? AND PNumber = ? AND delete_Flag <> ?) ORDER BY Sort 
2019/12/09-15:11:10 DEBUG [http-nio-8080-exec-4] com.jsh.erp.datasource.mappers.FunctionsMapper.selectByExample - ==> Parameters: true(Boolean), 080103(String), 1(String)
2019/12/09-15:11:10 DEBUG [http-nio-8080-exec-4] com.jsh.erp.datasource.mappers.FunctionsMapper.selectByExample - <==      Total: 0
2019/12/09-15:11:10 DEBUG [http-nio-8080-exec-4] com.jsh.erp.datasource.mappers.FunctionsMapper.selectByExample - ==>  Preparing: SELECT Id, Number, Name, PNumber, URL, State, Sort, Enabled, Type, PushBtn, icon, delete_Flag FROM jsh_functions WHERE (Enabled = ? AND PNumber = ? AND delete_Flag <> ?) ORDER BY Sort 
2019/12/09-15:11:10 DEBUG [http-nio-8080-exec-4] com.jsh.erp.datasource.mappers.FunctionsMapper.selectByExample - ==> Parameters: true(Boolean), 080105(String), 1(String)
2019/12/09-15:11:10 DEBUG [http-nio-8080-exec-4] com.jsh.erp.datasource.mappers.FunctionsMapper.selectByExample - <==      Total: 0
2019/12/09-15:11:10 DEBUG [http-nio-8080-exec-4] com.jsh.erp.datasource.mappers.FunctionsMapper.selectByExample - ==>  Preparing: SELECT Id, Number, Name, PNumber, URL, State, Sort, Enabled, Type, PushBtn, icon, delete_Flag FROM jsh_functions WHERE (Enabled = ? AND PNumber = ? AND delete_Flag <> ?) ORDER BY Sort 
2019/12/09-15:11:10 DEBUG [http-nio-8080-exec-4] com.jsh.erp.datasource.mappers.FunctionsMapper.selectByExample - ==> Parameters: true(Boolean), 080107(String), 1(String)
2019/12/09-15:11:10 DEBUG [http-nio-8080-exec-4] com.jsh.erp.datasource.mappers.FunctionsMapper.selectByExample - <==      Total: 0
2019/12/09-15:11:10 DEBUG [http-nio-8080-exec-4] com.jsh.erp.datasource.mappers.FunctionsMapper.selectByExample - ==>  Preparing: SELECT Id, Number, Name, PNumber, URL, State, Sort, Enabled, Type, PushBtn, icon, delete_Flag FROM jsh_functions WHERE (Enabled = ? AND PNumber = ? AND delete_Flag <> ?) ORDER BY Sort 
2019/12/09-15:11:10 DEBUG [http-nio-8080-exec-4] com.jsh.erp.datasource.mappers.FunctionsMapper.selectByExample - ==> Parameters: true(Boolean), 080109(String), 1(String)
2019/12/09-15:11:10 DEBUG [http-nio-8080-exec-4] com.jsh.erp.datasource.mappers.FunctionsMapper.selectByExample - <==      Total: 0
2019/12/09-15:11:10 DEBUG [http-nio-8080-exec-4] com.jsh.erp.datasource.mappers.FunctionsMapper.selectByExample - ==>  Preparing: SELECT Id, Number, Name, PNumber, URL, State, Sort, Enabled, Type, PushBtn, icon, delete_Flag FROM jsh_functions WHERE (Enabled = ? AND PNumber = ? AND delete_Flag <> ?) ORDER BY Sort 
2019/12/09-15:11:10 DEBUG [http-nio-8080-exec-4] com.jsh.erp.datasource.mappers.FunctionsMapper.selectByExample - ==> Parameters: true(Boolean), 080111(String), 1(String)
2019/12/09-15:11:10 DEBUG [http-nio-8080-exec-4] com.jsh.erp.datasource.mappers.FunctionsMapper.selectByExample - <==      Total: 0
2019/12/09-15:11:10 DEBUG [http-nio-8080-exec-4] com.jsh.erp.datasource.mappers.FunctionsMapper.selectByExample - ==>  Preparing: SELECT Id, Number, Name, PNumber, URL, State, Sort, Enabled, Type, PushBtn, icon, delete_Flag FROM jsh_functions WHERE (Enabled = ? AND PNumber = ? AND delete_Flag <> ?) ORDER BY Sort 
2019/12/09-15:11:10 DEBUG [http-nio-8080-exec-4] com.jsh.erp.datasource.mappers.FunctionsMapper.selectByExample - ==> Parameters: true(Boolean), 0704(String), 1(String)
2019/12/09-15:11:10 DEBUG [http-nio-8080-exec-4] com.jsh.erp.datasource.mappers.FunctionsMapper.selectByExample - <==      Total: 6
2019/12/09-15:11:10 DEBUG [http-nio-8080-exec-4] com.jsh.erp.datasource.mappers.FunctionsMapper.selectByExample - ==>  Preparing: SELECT Id, Number, Name, PNumber, URL, State, Sort, Enabled, Type, PushBtn, icon, delete_Flag FROM jsh_functions WHERE (Enabled = ? AND PNumber = ? AND delete_Flag <> ?) ORDER BY Sort 
2019/12/09-15:11:10 DEBUG [http-nio-8080-exec-4] com.jsh.erp.datasource.mappers.FunctionsMapper.selectByExample - ==> Parameters: true(Boolean), 070402(String), 1(String)
2019/12/09-15:11:10 DEBUG [http-nio-8080-exec-4] com.jsh.erp.datasource.mappers.FunctionsMapper.selectByExample - <==      Total: 0
2019/12/09-15:11:10 DEBUG [http-nio-8080-exec-4] com.jsh.erp.datasource.mappers.FunctionsMapper.selectByExample - ==>  Preparing: SELECT Id, Number, Name, PNumber, URL, State, Sort, Enabled, Type, PushBtn, icon, delete_Flag FROM jsh_functions WHERE (Enabled = ? AND PNumber = ? AND delete_Flag <> ?) ORDER BY Sort 
2019/12/09-15:11:10 DEBUG [http-nio-8080-exec-4] com.jsh.erp.datasource.mappers.FunctionsMapper.selectByExample - ==> Parameters: true(Boolean), 070403(String), 1(String)
2019/12/09-15:11:10 DEBUG [http-nio-8080-exec-4] com.jsh.erp.datasource.mappers.FunctionsMapper.selectByExample - <==      Total: 0
2019/12/09-15:11:10 DEBUG [http-nio-8080-exec-4] com.jsh.erp.datasource.mappers.FunctionsMapper.selectByExample - ==>  Preparing: SELECT Id, Number, Name, PNumber, URL, State, Sort, Enabled, Type, PushBtn, icon, delete_Flag FROM jsh_functions WHERE (Enabled = ? AND PNumber = ? AND delete_Flag <> ?) ORDER BY Sort 
2019/12/09-15:11:10 DEBUG [http-nio-8080-exec-4] com.jsh.erp.datasource.mappers.FunctionsMapper.selectByExample - ==> Parameters: true(Boolean), 070404(String), 1(String)
2019/12/09-15:11:10 DEBUG [http-nio-8080-exec-4] com.jsh.erp.datasource.mappers.FunctionsMapper.selectByExample - <==      Total: 0
2019/12/09-15:11:10 DEBUG [http-nio-8080-exec-4] com.jsh.erp.datasource.mappers.FunctionsMapper.selectByExample - ==>  Preparing: SELECT Id, Number, Name, PNumber, URL, State, Sort, Enabled, Type, PushBtn, icon, delete_Flag FROM jsh_functions WHERE (Enabled = ? AND PNumber = ? AND delete_Flag <> ?) ORDER BY Sort 
2019/12/09-15:11:10 DEBUG [http-nio-8080-exec-4] com.jsh.erp.datasource.mappers.FunctionsMapper.selectByExample - ==> Parameters: true(Boolean), 070405(String), 1(String)
2019/12/09-15:11:10 DEBUG [http-nio-8080-exec-4] com.jsh.erp.datasource.mappers.FunctionsMapper.selectByExample - <==      Total: 0
2019/12/09-15:11:10 DEBUG [http-nio-8080-exec-4] com.jsh.erp.datasource.mappers.FunctionsMapper.selectByExample - ==>  Preparing: SELECT Id, Number, Name, PNumber, URL, State, Sort, Enabled, Type, PushBtn, icon, delete_Flag FROM jsh_functions WHERE (Enabled = ? AND PNumber = ? AND delete_Flag <> ?) ORDER BY Sort 
2019/12/09-15:11:10 DEBUG [http-nio-8080-exec-4] com.jsh.erp.datasource.mappers.FunctionsMapper.selectByExample - ==> Parameters: true(Boolean), 070406(String), 1(String)
2019/12/09-15:11:10 DEBUG [http-nio-8080-exec-4] com.jsh.erp.datasource.mappers.FunctionsMapper.selectByExample - <==      Total: 0
2019/12/09-15:11:10 DEBUG [http-nio-8080-exec-4] com.jsh.erp.datasource.mappers.FunctionsMapper.selectByExample - ==>  Preparing: SELECT Id, Number, Name, PNumber, URL, State, Sort, Enabled, Type, PushBtn, icon, delete_Flag FROM jsh_functions WHERE (Enabled = ? AND PNumber = ? AND delete_Flag <> ?) ORDER BY Sort 
2019/12/09-15:11:10 DEBUG [http-nio-8080-exec-4] com.jsh.erp.datasource.mappers.FunctionsMapper.selectByExample - ==> Parameters: true(Boolean), 070407(String), 1(String)
2019/12/09-15:11:10 DEBUG [http-nio-8080-exec-4] com.jsh.erp.datasource.mappers.FunctionsMapper.selectByExample - <==      Total: 0
2019/12/09-15:11:10 DEBUG [http-nio-8080-exec-4] com.jsh.erp.datasource.mappers.FunctionsMapper.selectByExample - ==>  Preparing: SELECT Id, Number, Name, PNumber, URL, State, Sort, Enabled, Type, PushBtn, icon, delete_Flag FROM jsh_functions WHERE (Enabled = ? AND PNumber = ? AND delete_Flag <> ?) ORDER BY Sort 
2019/12/09-15:11:10 DEBUG [http-nio-8080-exec-4] com.jsh.erp.datasource.mappers.FunctionsMapper.selectByExample - ==> Parameters: true(Boolean), 0301(String), 1(String)
2019/12/09-15:11:10 DEBUG [http-nio-8080-exec-4] com.jsh.erp.datasource.mappers.FunctionsMapper.selectByExample - <==      Total: 11
2019/12/09-15:11:10 DEBUG [http-nio-8080-exec-4] com.jsh.erp.datasource.mappers.FunctionsMapper.selectByExample - ==>  Preparing: SELECT Id, Number, Name, PNumber, URL, State, Sort, Enabled, Type, PushBtn, icon, delete_Flag FROM jsh_functions WHERE (Enabled = ? AND PNumber = ? AND delete_Flag <> ?) ORDER BY Sort 
2019/12/09-15:11:10 DEBUG [http-nio-8080-exec-4] com.jsh.erp.datasource.mappers.FunctionsMapper.selectByExample - ==> Parameters: true(Boolean), 030101(String), 1(String)
2019/12/09-15:11:10 DEBUG [http-nio-8080-exec-4] com.jsh.erp.datasource.mappers.FunctionsMapper.selectByExample - <==      Total: 0
2019/12/09-15:11:10 DEBUG [http-nio-8080-exec-4] com.jsh.erp.datasource.mappers.FunctionsMapper.selectByExample - ==>  Preparing: SELECT Id, Number, Name, PNumber, URL, State, Sort, Enabled, Type, PushBtn, icon, delete_Flag FROM jsh_functions WHERE (Enabled = ? AND PNumber = ? AND delete_Flag <> ?) ORDER BY Sort 
2019/12/09-15:11:10 DEBUG [http-nio-8080-exec-4] com.jsh.erp.datasource.mappers.FunctionsMapper.selectByExample - ==> Parameters: true(Boolean), 030102(String), 1(String)
2019/12/09-15:11:10 DEBUG [http-nio-8080-exec-4] com.jsh.erp.datasource.mappers.FunctionsMapper.selectByExample - <==      Total: 0
2019/12/09-15:11:10 DEBUG [http-nio-8080-exec-4] com.jsh.erp.datasource.mappers.FunctionsMapper.selectByExample - ==>  Preparing: SELECT Id, Number, Name, PNumber, URL, State, Sort, Enabled, Type, PushBtn, icon, delete_Flag FROM jsh_functions WHERE (Enabled = ? AND PNumber = ? AND delete_Flag <> ?) ORDER BY Sort 
2019/12/09-15:11:10 DEBUG [http-nio-8080-exec-4] com.jsh.erp.datasource.mappers.FunctionsMapper.selectByExample - ==> Parameters: true(Boolean), 030103(String), 1(String)
2019/12/09-15:11:10 DEBUG [http-nio-8080-exec-4] com.jsh.erp.datasource.mappers.FunctionsMapper.selectByExample - <==      Total: 0
2019/12/09-15:11:10 DEBUG [http-nio-8080-exec-4] com.jsh.erp.datasource.mappers.FunctionsMapper.selectByExample - ==>  Preparing: SELECT Id, Number, Name, PNumber, URL, State, Sort, Enabled, Type, PushBtn, icon, delete_Flag FROM jsh_functions WHERE (Enabled = ? AND PNumber = ? AND delete_Flag <> ?) ORDER BY Sort 
2019/12/09-15:11:10 DEBUG [http-nio-8080-exec-4] com.jsh.erp.datasource.mappers.FunctionsMapper.selectByExample - ==> Parameters: true(Boolean), 030104(String), 1(String)
2019/12/09-15:11:10 DEBUG [http-nio-8080-exec-4] com.jsh.erp.datasource.mappers.FunctionsMapper.selectByExample - <==      Total: 0
2019/12/09-15:11:10 DEBUG [http-nio-8080-exec-4] com.jsh.erp.datasource.mappers.FunctionsMapper.selectByExample - ==>  Preparing: SELECT Id, Number, Name, PNumber, URL, State, Sort, Enabled, Type, PushBtn, icon, delete_Flag FROM jsh_functions WHERE (Enabled = ? AND PNumber = ? AND delete_Flag <> ?) ORDER BY Sort 
2019/12/09-15:11:10 DEBUG [http-nio-8080-exec-4] com.jsh.erp.datasource.mappers.FunctionsMapper.selectByExample - ==> Parameters: true(Boolean), 030106(String), 1(String)
2019/12/09-15:11:10 DEBUG [http-nio-8080-exec-4] com.jsh.erp.datasource.mappers.FunctionsMapper.selectByExample - <==      Total: 0
2019/12/09-15:11:10 DEBUG [http-nio-8080-exec-4] com.jsh.erp.datasource.mappers.FunctionsMapper.selectByExample - ==>  Preparing: SELECT Id, Number, Name, PNumber, URL, State, Sort, Enabled, Type, PushBtn, icon, delete_Flag FROM jsh_functions WHERE (Enabled = ? AND PNumber = ? AND delete_Flag <> ?) ORDER BY Sort 
2019/12/09-15:11:10 DEBUG [http-nio-8080-exec-4] com.jsh.erp.datasource.mappers.FunctionsMapper.selectByExample - ==> Parameters: true(Boolean), 030107(String), 1(String)
2019/12/09-15:11:10 DEBUG [http-nio-8080-exec-4] com.jsh.erp.datasource.mappers.FunctionsMapper.selectByExample - <==      Total: 0
2019/12/09-15:11:10 DEBUG [http-nio-8080-exec-4] com.jsh.erp.datasource.mappers.FunctionsMapper.selectByExample - ==>  Preparing: SELECT Id, Number, Name, PNumber, URL, State, Sort, Enabled, Type, PushBtn, icon, delete_Flag FROM jsh_functions WHERE (Enabled = ? AND PNumber = ? AND delete_Flag <> ?) ORDER BY Sort 
2019/12/09-15:11:10 DEBUG [http-nio-8080-exec-4] com.jsh.erp.datasource.mappers.FunctionsMapper.selectByExample - ==> Parameters: true(Boolean), 030108(String), 1(String)
2019/12/09-15:11:10 DEBUG [http-nio-8080-exec-4] com.jsh.erp.datasource.mappers.FunctionsMapper.selectByExample - <==      Total: 0
2019/12/09-15:11:10 DEBUG [http-nio-8080-exec-4] com.jsh.erp.datasource.mappers.FunctionsMapper.selectByExample - ==>  Preparing: SELECT Id, Number, Name, PNumber, URL, State, Sort, Enabled, Type, PushBtn, icon, delete_Flag FROM jsh_functions WHERE (Enabled = ? AND PNumber = ? AND delete_Flag <> ?) ORDER BY Sort 
2019/12/09-15:11:10 DEBUG [http-nio-8080-exec-4] com.jsh.erp.datasource.mappers.FunctionsMapper.selectByExample - ==> Parameters: true(Boolean), 030109(String), 1(String)
2019/12/09-15:11:10 DEBUG [http-nio-8080-exec-4] com.jsh.erp.datasource.mappers.FunctionsMapper.selectByExample - <==      Total: 0
2019/12/09-15:11:10 DEBUG [http-nio-8080-exec-4] com.jsh.erp.datasource.mappers.FunctionsMapper.selectByExample - ==>  Preparing: SELECT Id, Number, Name, PNumber, URL, State, Sort, Enabled, Type, PushBtn, icon, delete_Flag FROM jsh_functions WHERE (Enabled = ? AND PNumber = ? AND delete_Flag <> ?) ORDER BY Sort 
2019/12/09-15:11:10 DEBUG [http-nio-8080-exec-4] com.jsh.erp.datasource.mappers.FunctionsMapper.selectByExample - ==> Parameters: true(Boolean), 030110(String), 1(String)
2019/12/09-15:11:10 DEBUG [http-nio-8080-exec-4] com.jsh.erp.datasource.mappers.FunctionsMapper.selectByExample - <==      Total: 0
2019/12/09-15:11:10 DEBUG [http-nio-8080-exec-4] com.jsh.erp.datasource.mappers.FunctionsMapper.selectByExample - ==>  Preparing: SELECT Id, Number, Name, PNumber, URL, State, Sort, Enabled, Type, PushBtn, icon, delete_Flag FROM jsh_functions WHERE (Enabled = ? AND PNumber = ? AND delete_Flag <> ?) ORDER BY Sort 
2019/12/09-15:11:10 DEBUG [http-nio-8080-exec-4] com.jsh.erp.datasource.mappers.FunctionsMapper.selectByExample - ==> Parameters: true(Boolean), 030111(String), 1(String)
2019/12/09-15:11:10 DEBUG [http-nio-8080-exec-4] com.jsh.erp.datasource.mappers.FunctionsMapper.selectByExample - <==      Total: 0
2019/12/09-15:11:10 DEBUG [http-nio-8080-exec-4] com.jsh.erp.datasource.mappers.FunctionsMapper.selectByExample - ==>  Preparing: SELECT Id, Number, Name, PNumber, URL, State, Sort, Enabled, Type, PushBtn, icon, delete_Flag FROM jsh_functions WHERE (Enabled = ? AND PNumber = ? AND delete_Flag <> ?) ORDER BY Sort 
2019/12/09-15:11:10 DEBUG [http-nio-8080-exec-4] com.jsh.erp.datasource.mappers.FunctionsMapper.selectByExample - ==> Parameters: true(Boolean), 030112(String), 1(String)
2019/12/09-15:11:10 DEBUG [http-nio-8080-exec-4] com.jsh.erp.datasource.mappers.FunctionsMapper.selectByExample - <==      Total: 0
2019/12/09-15:11:10 DEBUG [http-nio-8080-exec-4] com.jsh.erp.datasource.mappers.FunctionsMapper.selectByExample - ==>  Preparing: SELECT Id, Number, Name, PNumber, URL, State, Sort, Enabled, Type, PushBtn, icon, delete_Flag FROM jsh_functions WHERE (Enabled = ? AND PNumber = ? AND delete_Flag <> ?) ORDER BY Sort 
2019/12/09-15:11:10 DEBUG [http-nio-8080-exec-4] com.jsh.erp.datasource.mappers.FunctionsMapper.selectByExample - ==> Parameters: true(Boolean), 0101(String), 1(String)
2019/12/09-15:11:10 DEBUG [http-nio-8080-exec-4] com.jsh.erp.datasource.mappers.FunctionsMapper.selectByExample - <==      Total: 4
2019/12/09-15:11:10 DEBUG [http-nio-8080-exec-4] com.jsh.erp.datasource.mappers.FunctionsMapper.selectByExample - ==>  Preparing: SELECT Id, Number, Name, PNumber, URL, State, Sort, Enabled, Type, PushBtn, icon, delete_Flag FROM jsh_functions WHERE (Enabled = ? AND PNumber = ? AND delete_Flag <> ?) ORDER BY Sort 
2019/12/09-15:11:10 DEBUG [http-nio-8080-exec-4] com.jsh.erp.datasource.mappers.FunctionsMapper.selectByExample - ==> Parameters: true(Boolean), 010101(String), 1(String)
2019/12/09-15:11:10 DEBUG [http-nio-8080-exec-4] com.jsh.erp.datasource.mappers.FunctionsMapper.selectByExample - <==      Total: 0
2019/12/09-15:11:10 DEBUG [http-nio-8080-exec-4] com.jsh.erp.datasource.mappers.FunctionsMapper.selectByExample - ==>  Preparing: SELECT Id, Number, Name, PNumber, URL, State, Sort, Enabled, Type, PushBtn, icon, delete_Flag FROM jsh_functions WHERE (Enabled = ? AND PNumber = ? AND delete_Flag <> ?) ORDER BY Sort 
2019/12/09-15:11:10 DEBUG [http-nio-8080-exec-4] com.jsh.erp.datasource.mappers.FunctionsMapper.selectByExample - ==> Parameters: true(Boolean), 010102(String), 1(String)
2019/12/09-15:11:10 DEBUG [http-nio-8080-exec-4] com.jsh.erp.datasource.mappers.FunctionsMapper.selectByExample - <==      Total: 0
2019/12/09-15:11:10 DEBUG [http-nio-8080-exec-4] com.jsh.erp.datasource.mappers.FunctionsMapper.selectByExample - ==>  Preparing: SELECT Id, Number, Name, PNumber, URL, State, Sort, Enabled, Type, PushBtn, icon, delete_Flag FROM jsh_functions WHERE (Enabled = ? AND PNumber = ? AND delete_Flag <> ?) ORDER BY Sort 
2019/12/09-15:11:10 DEBUG [http-nio-8080-exec-4] com.jsh.erp.datasource.mappers.FunctionsMapper.selectByExample - ==> Parameters: true(Boolean), 010103(String), 1(String)
2019/12/09-15:11:10 DEBUG [http-nio-8080-exec-4] com.jsh.erp.datasource.mappers.FunctionsMapper.selectByExample - <==      Total: 0
2019/12/09-15:11:10 DEBUG [http-nio-8080-exec-4] com.jsh.erp.datasource.mappers.FunctionsMapper.selectByExample - ==>  Preparing: SELECT Id, Number, Name, PNumber, URL, State, Sort, Enabled, Type, PushBtn, icon, delete_Flag FROM jsh_functions WHERE (Enabled = ? AND PNumber = ? AND delete_Flag <> ?) ORDER BY Sort 
2019/12/09-15:11:10 DEBUG [http-nio-8080-exec-4] com.jsh.erp.datasource.mappers.FunctionsMapper.selectByExample - ==> Parameters: true(Boolean), 010104(String), 1(String)
2019/12/09-15:11:10 DEBUG [http-nio-8080-exec-4] com.jsh.erp.datasource.mappers.FunctionsMapper.selectByExample - <==      Total: 0
2019/12/09-15:11:10 DEBUG [http-nio-8080-exec-4] com.jsh.erp.datasource.mappers.FunctionsMapper.selectByExample - ==>  Preparing: SELECT Id, Number, Name, PNumber, URL, State, Sort, Enabled, Type, PushBtn, icon, delete_Flag FROM jsh_functions WHERE (Enabled = ? AND PNumber = ? AND delete_Flag <> ?) ORDER BY Sort 
2019/12/09-15:11:10 DEBUG [http-nio-8080-exec-4] com.jsh.erp.datasource.mappers.FunctionsMapper.selectByExample - ==> Parameters: true(Boolean), 0102(String), 1(String)
2019/12/09-15:11:10 DEBUG [http-nio-8080-exec-4] com.jsh.erp.datasource.mappers.FunctionsMapper.selectByExample - <==      Total: 7
2019/12/09-15:11:10 DEBUG [http-nio-8080-exec-4] com.jsh.erp.datasource.mappers.FunctionsMapper.selectByExample - ==>  Preparing: SELECT Id, Number, Name, PNumber, URL, State, Sort, Enabled, Type, PushBtn, icon, delete_Flag FROM jsh_functions WHERE (Enabled = ? AND PNumber = ? AND delete_Flag <> ?) ORDER BY Sort 
2019/12/09-15:11:10 DEBUG [http-nio-8080-exec-4] com.jsh.erp.datasource.mappers.FunctionsMapper.selectByExample - ==> Parameters: true(Boolean), 01020101(String), 1(String)
2019/12/09-15:11:10 DEBUG [http-nio-8080-exec-4] com.jsh.erp.datasource.mappers.FunctionsMapper.selectByExample - <==      Total: 0
2019/12/09-15:11:10 DEBUG [http-nio-8080-exec-4] com.jsh.erp.datasource.mappers.FunctionsMapper.selectByExample - ==>  Preparing: SELECT Id, Number, Name, PNumber, URL, State, Sort, Enabled, Type, PushBtn, icon, delete_Flag FROM jsh_functions WHERE (Enabled = ? AND PNumber = ? AND delete_Flag <> ?) ORDER BY Sort 
2019/12/09-15:11:10 DEBUG [http-nio-8080-exec-4] com.jsh.erp.datasource.mappers.FunctionsMapper.selectByExample - ==> Parameters: true(Boolean), 01020102(String), 1(String)
2019/12/09-15:11:10 DEBUG [http-nio-8080-exec-4] com.jsh.erp.datasource.mappers.FunctionsMapper.selectByExample - <==      Total: 0
2019/12/09-15:11:10 DEBUG [http-nio-8080-exec-4] com.jsh.erp.datasource.mappers.FunctionsMapper.selectByExample - ==>  Preparing: SELECT Id, Number, Name, PNumber, URL, State, Sort, Enabled, Type, PushBtn, icon, delete_Flag FROM jsh_functions WHERE (Enabled = ? AND PNumber = ? AND delete_Flag <> ?) ORDER BY Sort 
2019/12/09-15:11:10 DEBUG [http-nio-8080-exec-4] com.jsh.erp.datasource.mappers.FunctionsMapper.selectByExample - ==> Parameters: true(Boolean), 01020103(String), 1(String)
2019/12/09-15:11:10 DEBUG [http-nio-8080-exec-4] com.jsh.erp.datasource.mappers.FunctionsMapper.selectByExample - <==      Total: 0
2019/12/09-15:11:10 DEBUG [http-nio-8080-exec-4] com.jsh.erp.datasource.mappers.FunctionsMapper.selectByExample - ==>  Preparing: SELECT Id, Number, Name, PNumber, URL, State, Sort, Enabled, Type, PushBtn, icon, delete_Flag FROM jsh_functions WHERE (Enabled = ? AND PNumber = ? AND delete_Flag <> ?) ORDER BY Sort 
2019/12/09-15:11:10 DEBUG [http-nio-8080-exec-4] com.jsh.erp.datasource.mappers.FunctionsMapper.selectByExample - ==> Parameters: true(Boolean), 010202(String), 1(String)
2019/12/09-15:11:10 DEBUG [http-nio-8080-exec-4] com.jsh.erp.datasource.mappers.FunctionsMapper.selectByExample - <==      Total: 0
2019/12/09-15:11:10 DEBUG [http-nio-8080-exec-4] com.jsh.erp.datasource.mappers.FunctionsMapper.selectByExample - ==>  Preparing: SELECT Id, Number, Name, PNumber, URL, State, Sort, Enabled, Type, PushBtn, icon, delete_Flag FROM jsh_functions WHERE (Enabled = ? AND PNumber = ? AND delete_Flag <> ?) ORDER BY Sort 
2019/12/09-15:11:10 DEBUG [http-nio-8080-exec-4] com.jsh.erp.datasource.mappers.FunctionsMapper.selectByExample - ==> Parameters: true(Boolean), 010204(String), 1(String)
2019/12/09-15:11:10 DEBUG [http-nio-8080-exec-4] com.jsh.erp.datasource.mappers.FunctionsMapper.selectByExample - <==      Total: 0
2019/12/09-15:11:10 DEBUG [http-nio-8080-exec-4] com.jsh.erp.datasource.mappers.FunctionsMapper.selectByExample - ==>  Preparing: SELECT Id, Number, Name, PNumber, URL, State, Sort, Enabled, Type, PushBtn, icon, delete_Flag FROM jsh_functions WHERE (Enabled = ? AND PNumber = ? AND delete_Flag <> ?) ORDER BY Sort 
2019/12/09-15:11:10 DEBUG [http-nio-8080-exec-4] com.jsh.erp.datasource.mappers.FunctionsMapper.selectByExample - ==> Parameters: true(Boolean), 010205(String), 1(String)
2019/12/09-15:11:10 DEBUG [http-nio-8080-exec-4] com.jsh.erp.datasource.mappers.FunctionsMapper.selectByExample - <==      Total: 0
2019/12/09-15:11:10 DEBUG [http-nio-8080-exec-4] com.jsh.erp.datasource.mappers.FunctionsMapper.selectByExample - ==>  Preparing: SELECT Id, Number, Name, PNumber, URL, State, Sort, Enabled, Type, PushBtn, icon, delete_Flag FROM jsh_functions WHERE (Enabled = ? AND PNumber = ? AND delete_Flag <> ?) ORDER BY Sort 
2019/12/09-15:11:10 DEBUG [http-nio-8080-exec-4] com.jsh.erp.datasource.mappers.FunctionsMapper.selectByExample - ==> Parameters: true(Boolean), 010206(String), 1(String)
2019/12/09-15:11:10 DEBUG [http-nio-8080-exec-4] com.jsh.erp.datasource.mappers.FunctionsMapper.selectByExample - <==      Total: 0
2019/12/09-15:11:10 DEBUG [http-nio-8080-exec-4] com.jsh.erp.datasource.mappers.FunctionsMapper.selectByExample - ==>  Preparing: SELECT Id, Number, Name, PNumber, URL, State, Sort, Enabled, Type, PushBtn, icon, delete_Flag FROM jsh_functions WHERE (Enabled = ? AND PNumber = ? AND delete_Flag <> ?) ORDER BY Sort 
2019/12/09-15:11:10 DEBUG [http-nio-8080-exec-4] com.jsh.erp.datasource.mappers.FunctionsMapper.selectByExample - ==> Parameters: true(Boolean), 0001(String), 1(String)
2019/12/09-15:11:10 DEBUG [http-nio-8080-exec-4] com.jsh.erp.datasource.mappers.FunctionsMapper.selectByExample - <==      Total: 7
2019/12/09-15:11:10 DEBUG [http-nio-8080-exec-4] com.jsh.erp.datasource.mappers.FunctionsMapper.selectByExample - ==>  Preparing: SELECT Id, Number, Name, PNumber, URL, State, Sort, Enabled, Type, PushBtn, icon, delete_Flag FROM jsh_functions WHERE (Enabled = ? AND PNumber = ? AND delete_Flag <> ?) ORDER BY Sort 
2019/12/09-15:11:10 DEBUG [http-nio-8080-exec-4] com.jsh.erp.datasource.mappers.FunctionsMapper.selectByExample - ==> Parameters: true(Boolean), 000102(String), 1(String)
2019/12/09-15:11:10 DEBUG [http-nio-8080-exec-4] com.jsh.erp.datasource.mappers.FunctionsMapper.selectByExample - <==      Total: 0
2019/12/09-15:11:10 DEBUG [http-nio-8080-exec-4] com.jsh.erp.datasource.mappers.FunctionsMapper.selectByExample - ==>  Preparing: SELECT Id, Number, Name, PNumber, URL, State, Sort, Enabled, Type, PushBtn, icon, delete_Flag FROM jsh_functions WHERE (Enabled = ? AND PNumber = ? AND delete_Flag <> ?) ORDER BY Sort 
2019/12/09-15:11:10 DEBUG [http-nio-8080-exec-4] com.jsh.erp.datasource.mappers.FunctionsMapper.selectByExample - ==> Parameters: true(Boolean), 000105(String), 1(String)
2019/12/09-15:11:10 DEBUG [http-nio-8080-exec-4] com.jsh.erp.datasource.mappers.FunctionsMapper.selectByExample - <==      Total: 0
2019/12/09-15:11:10 DEBUG [http-nio-8080-exec-4] com.jsh.erp.datasource.mappers.FunctionsMapper.selectByExample - ==>  Preparing: SELECT Id, Number, Name, PNumber, URL, State, Sort, Enabled, Type, PushBtn, icon, delete_Flag FROM jsh_functions WHERE (Enabled = ? AND PNumber = ? AND delete_Flag <> ?) ORDER BY Sort 
2019/12/09-15:11:10 DEBUG [http-nio-8080-exec-4] com.jsh.erp.datasource.mappers.FunctionsMapper.selectByExample - ==> Parameters: true(Boolean), 000108(String), 1(String)
2019/12/09-15:11:10 DEBUG [http-nio-8080-exec-4] com.jsh.erp.datasource.mappers.FunctionsMapper.selectByExample - <==      Total: 0
2019/12/09-15:11:10 DEBUG [http-nio-8080-exec-4] com.jsh.erp.datasource.mappers.FunctionsMapper.selectByExample - ==>  Preparing: SELECT Id, Number, Name, PNumber, URL, State, Sort, Enabled, Type, PushBtn, icon, delete_Flag FROM jsh_functions WHERE (Enabled = ? AND PNumber = ? AND delete_Flag <> ?) ORDER BY Sort 
2019/12/09-15:11:10 DEBUG [http-nio-8080-exec-4] com.jsh.erp.datasource.mappers.FunctionsMapper.selectByExample - ==> Parameters: true(Boolean), 000103(String), 1(String)
2019/12/09-15:11:10 DEBUG [http-nio-8080-exec-4] com.jsh.erp.datasource.mappers.FunctionsMapper.selectByExample - <==      Total: 0
2019/12/09-15:11:10 DEBUG [http-nio-8080-exec-4] com.jsh.erp.datasource.mappers.FunctionsMapper.selectByExample - ==>  Preparing: SELECT Id, Number, Name, PNumber, URL, State, Sort, Enabled, Type, PushBtn, icon, delete_Flag FROM jsh_functions WHERE (Enabled = ? AND PNumber = ? AND delete_Flag <> ?) ORDER BY Sort 
2019/12/09-15:11:10 DEBUG [http-nio-8080-exec-4] com.jsh.erp.datasource.mappers.FunctionsMapper.selectByExample - ==> Parameters: true(Boolean), 000104(String), 1(String)
2019/12/09-15:11:10 DEBUG [http-nio-8080-exec-4] com.jsh.erp.datasource.mappers.FunctionsMapper.selectByExample - <==      Total: 0
2019/12/09-15:11:10 DEBUG [http-nio-8080-exec-4] com.jsh.erp.datasource.mappers.FunctionsMapper.selectByExample - ==>  Preparing: SELECT Id, Number, Name, PNumber, URL, State, Sort, Enabled, Type, PushBtn, icon, delete_Flag FROM jsh_functions WHERE (Enabled = ? AND PNumber = ? AND delete_Flag <> ?) ORDER BY Sort 
2019/12/09-15:11:10 DEBUG [http-nio-8080-exec-4] com.jsh.erp.datasource.mappers.FunctionsMapper.selectByExample - ==> Parameters: true(Boolean), 000105(String), 1(String)
2019/12/09-15:11:10 DEBUG [http-nio-8080-exec-4] com.jsh.erp.datasource.mappers.FunctionsMapper.selectByExample - <==      Total: 0
2019/12/09-15:11:10 DEBUG [http-nio-8080-exec-4] com.jsh.erp.datasource.mappers.FunctionsMapper.selectByExample - ==>  Preparing: SELECT Id, Number, Name, PNumber, URL, State, Sort, Enabled, Type, PushBtn, icon, delete_Flag FROM jsh_functions WHERE (Enabled = ? AND PNumber = ? AND delete_Flag <> ?) ORDER BY Sort 
2019/12/09-15:11:10 DEBUG [http-nio-8080-exec-4] com.jsh.erp.datasource.mappers.FunctionsMapper.selectByExample - ==> Parameters: true(Boolean), 000106(String), 1(String)
2019/12/09-15:11:10 DEBUG [http-nio-8080-exec-4] com.jsh.erp.datasource.mappers.FunctionsMapper.selectByExample - <==      Total: 0
2019/12/09-15:11:11 DEBUG [http-nio-8080-exec-4] com.jsh.erp.datasource.mappers.DepotHeadMapperEx.getBuyAndSaleStatistics - ==>  Preparing: SELECT ifnull(sum(DiscountLastMoney), 0) FROM jsh_depothead WHERE jsh_depothead.tenant_id = 63 AND 1 = 1 AND Type = '出库' AND SubType = '销售' AND OrganId IS NOT NULL AND OperTime >= '2019-12-09 00:00:00' AND OperTime <= '2019-12-09 15:11:11' AND ifnull(delete_Flag, '0') != '1' 
2019/12/09-15:11:11 DEBUG [http-nio-8080-exec-10] com.jsh.erp.datasource.mappers.DepotItemMapperEx.inOrOutPrice - ==>  Preparing: SELECT ifnull(sum(DiscountLastMoney), 0) AS allMoney FROM jsh_depothead dh WHERE dh.tenant_id = 63 AND 1 = 1 AND dh.type = '入库' AND dh.subType = '采购' AND dh.OperTime >= '2019-07-01 00:00:00' AND dh.OperTime <= '2019-07-31 23:59:59' AND ifnull(dh.delete_Flag, '0') != '1' 
2019/12/09-15:11:11 DEBUG [http-nio-8080-exec-4] com.jsh.erp.datasource.mappers.DepotHeadMapperEx.getBuyAndSaleStatistics - ==> Parameters: 
2019/12/09-15:11:11 DEBUG [http-nio-8080-exec-10] com.jsh.erp.datasource.mappers.DepotItemMapperEx.inOrOutPrice - ==> Parameters: 
2019/12/09-15:11:11 DEBUG [http-nio-8080-exec-10] com.jsh.erp.datasource.mappers.DepotItemMapperEx.inOrOutPrice - <==      Total: 1
2019/12/09-15:11:11 DEBUG [http-nio-8080-exec-10] com.jsh.erp.datasource.mappers.DepotItemMapperEx.inOrOutPrice - ==>  Preparing: SELECT ifnull(sum(DiscountLastMoney), 0) AS allMoney FROM jsh_depothead dh WHERE dh.tenant_id = 63 AND 1 = 1 AND dh.type = '出库' AND dh.subType = '采购退货' AND dh.OperTime >= '2019-07-01 00:00:00' AND dh.OperTime <= '2019-07-31 23:59:59' AND ifnull(dh.delete_Flag, '0') != '1' 
2019/12/09-15:11:11 DEBUG [http-nio-8080-exec-10] com.jsh.erp.datasource.mappers.DepotItemMapperEx.inOrOutPrice - ==> Parameters: 
2019/12/09-15:11:11 DEBUG [http-nio-8080-exec-10] com.jsh.erp.datasource.mappers.DepotItemMapperEx.inOrOutPrice - <==      Total: 1
2019/12/09-15:11:11 DEBUG [http-nio-8080-exec-10] com.jsh.erp.datasource.mappers.DepotItemMapperEx.inOrOutPrice - ==>  Preparing: SELECT ifnull(sum(DiscountLastMoney), 0) AS allMoney FROM jsh_depothead dh WHERE dh.tenant_id = 63 AND 1 = 1 AND dh.type = '入库' AND dh.subType = '采购' AND dh.OperTime >= '2019-08-01 00:00:00' AND dh.OperTime <= '2019-08-31 23:59:59' AND ifnull(dh.delete_Flag, '0') != '1' 
2019/12/09-15:11:11 DEBUG [http-nio-8080-exec-10] com.jsh.erp.datasource.mappers.DepotItemMapperEx.inOrOutPrice - ==> Parameters: 
2019/12/09-15:11:11 DEBUG [http-nio-8080-exec-10] com.jsh.erp.datasource.mappers.DepotItemMapperEx.inOrOutPrice - <==      Total: 1
2019/12/09-15:11:11 DEBUG [http-nio-8080-exec-10] com.jsh.erp.datasource.mappers.DepotItemMapperEx.inOrOutPrice - ==>  Preparing: SELECT ifnull(sum(DiscountLastMoney), 0) AS allMoney FROM jsh_depothead dh WHERE dh.tenant_id = 63 AND 1 = 1 AND dh.type = '出库' AND dh.subType = '采购退货' AND dh.OperTime >= '2019-08-01 00:00:00' AND dh.OperTime <= '2019-08-31 23:59:59' AND ifnull(dh.delete_Flag, '0') != '1' 
2019/12/09-15:11:11 DEBUG [http-nio-8080-exec-10] com.jsh.erp.datasource.mappers.DepotItemMapperEx.inOrOutPrice - ==> Parameters: 
2019/12/09-15:11:11 DEBUG [http-nio-8080-exec-10] com.jsh.erp.datasource.mappers.DepotItemMapperEx.inOrOutPrice - <==      Total: 1
2019/12/09-15:11:11 DEBUG [http-nio-8080-exec-10] com.jsh.erp.datasource.mappers.DepotItemMapperEx.inOrOutPrice - ==>  Preparing: SELECT ifnull(sum(DiscountLastMoney), 0) AS allMoney FROM jsh_depothead dh WHERE dh.tenant_id = 63 AND 1 = 1 AND dh.type = '入库' AND dh.subType = '采购' AND dh.OperTime >= '2019-09-01 00:00:00' AND dh.OperTime <= '2019-09-31 23:59:59' AND ifnull(dh.delete_Flag, '0') != '1' 
2019/12/09-15:11:11 DEBUG [http-nio-8080-exec-10] com.jsh.erp.datasource.mappers.DepotItemMapperEx.inOrOutPrice - ==> Parameters: 
2019/12/09-15:11:11 DEBUG [http-nio-8080-exec-10] com.jsh.erp.datasource.mappers.DepotItemMapperEx.inOrOutPrice - <==      Total: 1
2019/12/09-15:11:11 DEBUG [http-nio-8080-exec-10] com.jsh.erp.datasource.mappers.DepotItemMapperEx.inOrOutPrice - ==>  Preparing: SELECT ifnull(sum(DiscountLastMoney), 0) AS allMoney FROM jsh_depothead dh WHERE dh.tenant_id = 63 AND 1 = 1 AND dh.type = '出库' AND dh.subType = '采购退货' AND dh.OperTime >= '2019-09-01 00:00:00' AND dh.OperTime <= '2019-09-31 23:59:59' AND ifnull(dh.delete_Flag, '0') != '1' 
2019/12/09-15:11:11 DEBUG [http-nio-8080-exec-10] com.jsh.erp.datasource.mappers.DepotItemMapperEx.inOrOutPrice - ==> Parameters: 
2019/12/09-15:11:11 DEBUG [http-nio-8080-exec-10] com.jsh.erp.datasource.mappers.DepotItemMapperEx.inOrOutPrice - <==      Total: 1
2019/12/09-15:11:11 DEBUG [http-nio-8080-exec-4] com.jsh.erp.datasource.mappers.DepotHeadMapperEx.getBuyAndSaleStatistics - <==      Total: 1
2019/12/09-15:11:11 DEBUG [http-nio-8080-exec-10] com.jsh.erp.datasource.mappers.DepotItemMapperEx.inOrOutPrice - ==>  Preparing: SELECT ifnull(sum(DiscountLastMoney), 0) AS allMoney FROM jsh_depothead dh WHERE dh.tenant_id = 63 AND 1 = 1 AND dh.type = '入库' AND dh.subType = '采购' AND dh.OperTime >= '2019-10-01 00:00:00' AND dh.OperTime <= '2019-10-31 23:59:59' AND ifnull(dh.delete_Flag, '0') != '1' 
2019/12/09-15:11:11 DEBUG [http-nio-8080-exec-4] com.jsh.erp.datasource.mappers.DepotHeadMapperEx.getBuyAndSaleStatistics - ==>  Preparing: SELECT ifnull(sum(DiscountLastMoney), 0) FROM jsh_depothead WHERE jsh_depothead.tenant_id = 63 AND 1 = 1 AND Type = '出库' AND SubType = '销售' AND OrganId IS NULL AND OperTime >= '2019-12-09 00:00:00' AND OperTime <= '2019-12-09 15:11:11' AND ifnull(delete_Flag, '0') != '1' 
2019/12/09-15:11:11 DEBUG [http-nio-8080-exec-10] com.jsh.erp.datasource.mappers.DepotItemMapperEx.inOrOutPrice - ==> Parameters: 
2019/12/09-15:11:11 DEBUG [http-nio-8080-exec-4] com.jsh.erp.datasource.mappers.DepotHeadMapperEx.getBuyAndSaleStatistics - ==> Parameters: 
2019/12/09-15:11:11 DEBUG [http-nio-8080-exec-10] com.jsh.erp.datasource.mappers.DepotItemMapperEx.inOrOutPrice - <==      Total: 1
2019/12/09-15:11:11 DEBUG [http-nio-8080-exec-10] com.jsh.erp.datasource.mappers.DepotItemMapperEx.inOrOutPrice - ==>  Preparing: SELECT ifnull(sum(DiscountLastMoney), 0) AS allMoney FROM jsh_depothead dh WHERE dh.tenant_id = 63 AND 1 = 1 AND dh.type = '出库' AND dh.subType = '采购退货' AND dh.OperTime >= '2019-10-01 00:00:00' AND dh.OperTime <= '2019-10-31 23:59:59' AND ifnull(dh.delete_Flag, '0') != '1' 
2019/12/09-15:11:11 DEBUG [http-nio-8080-exec-10] com.jsh.erp.datasource.mappers.DepotItemMapperEx.inOrOutPrice - ==> Parameters: 
2019/12/09-15:11:11 DEBUG [http-nio-8080-exec-10] com.jsh.erp.datasource.mappers.DepotItemMapperEx.inOrOutPrice - <==      Total: 1
2019/12/09-15:11:11 DEBUG [http-nio-8080-exec-10] com.jsh.erp.datasource.mappers.DepotItemMapperEx.inOrOutPrice - ==>  Preparing: SELECT ifnull(sum(DiscountLastMoney), 0) AS allMoney FROM jsh_depothead dh WHERE dh.tenant_id = 63 AND 1 = 1 AND dh.type = '入库' AND dh.subType = '采购' AND dh.OperTime >= '2019-11-01 00:00:00' AND dh.OperTime <= '2019-11-31 23:59:59' AND ifnull(dh.delete_Flag, '0') != '1' 
2019/12/09-15:11:11 DEBUG [http-nio-8080-exec-10] com.jsh.erp.datasource.mappers.DepotItemMapperEx.inOrOutPrice - ==> Parameters: 
2019/12/09-15:11:11 DEBUG [http-nio-8080-exec-10] com.jsh.erp.datasource.mappers.DepotItemMapperEx.inOrOutPrice - <==      Total: 1
2019/12/09-15:11:11 DEBUG [http-nio-8080-exec-10] com.jsh.erp.datasource.mappers.DepotItemMapperEx.inOrOutPrice - ==>  Preparing: SELECT ifnull(sum(DiscountLastMoney), 0) AS allMoney FROM jsh_depothead dh WHERE dh.tenant_id = 63 AND 1 = 1 AND dh.type = '出库' AND dh.subType = '采购退货' AND dh.OperTime >= '2019-11-01 00:00:00' AND dh.OperTime <= '2019-11-31 23:59:59' AND ifnull(dh.delete_Flag, '0') != '1' 
2019/12/09-15:11:11 DEBUG [http-nio-8080-exec-10] com.jsh.erp.datasource.mappers.DepotItemMapperEx.inOrOutPrice - ==> Parameters: 
2019/12/09-15:11:11 DEBUG [http-nio-8080-exec-10] com.jsh.erp.datasource.mappers.DepotItemMapperEx.inOrOutPrice - <==      Total: 1
2019/12/09-15:11:11 DEBUG [http-nio-8080-exec-10] com.jsh.erp.datasource.mappers.DepotItemMapperEx.inOrOutPrice - ==>  Preparing: SELECT ifnull(sum(DiscountLastMoney), 0) AS allMoney FROM jsh_depothead dh WHERE dh.tenant_id = 63 AND 1 = 1 AND dh.type = '入库' AND dh.subType = '采购' AND dh.OperTime >= '2019-12-01 00:00:00' AND dh.OperTime <= '2019-12-31 23:59:59' AND ifnull(dh.delete_Flag, '0') != '1' 
2019/12/09-15:11:11 DEBUG [http-nio-8080-exec-10] com.jsh.erp.datasource.mappers.DepotItemMapperEx.inOrOutPrice - ==> Parameters: 
2019/12/09-15:11:11 DEBUG [http-nio-8080-exec-9] com.jsh.erp.datasource.mappers.UserMapperEx.selectByConditionUser - ==>  Preparing: SELECT * FROM jsh_user WHERE jsh_user.tenant_id = 63 AND 1 = 1 AND ifnull(status, '0') NOT IN ('1', '2') LIMIT ?, ? 
2019/12/09-15:11:11 DEBUG [http-nio-8080-exec-10] com.jsh.erp.datasource.mappers.DepotItemMapperEx.inOrOutPrice - <==      Total: 1
2019/12/09-15:11:11 DEBUG [http-nio-8080-exec-10] com.jsh.erp.datasource.mappers.DepotItemMapperEx.inOrOutPrice - ==>  Preparing: SELECT ifnull(sum(DiscountLastMoney), 0) AS allMoney FROM jsh_depothead dh WHERE dh.tenant_id = 63 AND 1 = 1 AND dh.type = '出库' AND dh.subType = '采购退货' AND dh.OperTime >= '2019-12-01 00:00:00' AND dh.OperTime <= '2019-12-31 23:59:59' AND ifnull(dh.delete_Flag, '0') != '1' 
2019/12/09-15:11:11 DEBUG [http-nio-8080-exec-10] com.jsh.erp.datasource.mappers.DepotItemMapperEx.inOrOutPrice - ==> Parameters: 
2019/12/09-15:11:11 DEBUG [http-nio-8080-exec-10] com.jsh.erp.datasource.mappers.DepotItemMapperEx.inOrOutPrice - <==      Total: 1
2019/12/09-15:11:11 DEBUG [http-nio-8080-exec-10] com.jsh.erp.datasource.mappers.DepotItemMapperEx.inOrOutPrice - ==>  Preparing: SELECT ifnull(sum(DiscountLastMoney), 0) AS allMoney FROM jsh_depothead dh WHERE dh.tenant_id = 63 AND 1 = 1 AND dh.type = '出库' AND dh.subType = '销售' AND dh.OperTime >= '2019-07-01 00:00:00' AND dh.OperTime <= '2019-07-31 23:59:59' AND ifnull(dh.delete_Flag, '0') != '1' 
2019/12/09-15:11:11 DEBUG [http-nio-8080-exec-10] com.jsh.erp.datasource.mappers.DepotItemMapperEx.inOrOutPrice - ==> Parameters: 
2019/12/09-15:11:11 DEBUG [http-nio-8080-exec-10] com.jsh.erp.datasource.mappers.DepotItemMapperEx.inOrOutPrice - <==      Total: 1
2019/12/09-15:11:11 DEBUG [http-nio-8080-exec-4] com.jsh.erp.datasource.mappers.DepotHeadMapperEx.getBuyAndSaleStatistics - <==      Total: 1
2019/12/09-15:11:11 DEBUG [http-nio-8080-exec-10] com.jsh.erp.datasource.mappers.DepotItemMapperEx.inOrOutPrice - ==>  Preparing: SELECT ifnull(sum(DiscountLastMoney), 0) AS allMoney FROM jsh_depothead dh WHERE dh.tenant_id = 63 AND 1 = 1 AND dh.type = '入库' AND dh.subType = '销售退货' AND dh.OperTime >= '2019-07-01 00:00:00' AND dh.OperTime <= '2019-07-31 23:59:59' AND ifnull(dh.delete_Flag, '0') != '1' 
2019/12/09-15:11:11 DEBUG [http-nio-8080-exec-4] com.jsh.erp.datasource.mappers.DepotHeadMapperEx.getBuyAndSaleStatistics - ==>  Preparing: SELECT ifnull(sum(DiscountLastMoney), 0) FROM jsh_depothead WHERE jsh_depothead.tenant_id = 63 AND 1 = 1 AND Type = '出库' AND SubType = '销售' AND OrganId IS NOT NULL AND OperTime >= '2019-12-01 00:00:00' AND OperTime <= '2019-12-09 15:11:11' AND ifnull(delete_Flag, '0') != '1' 
2019/12/09-15:11:11 DEBUG [http-nio-8080-exec-10] com.jsh.erp.datasource.mappers.DepotItemMapperEx.inOrOutPrice - ==> Parameters: 
2019/12/09-15:11:11 DEBUG [http-nio-8080-exec-4] com.jsh.erp.datasource.mappers.DepotHeadMapperEx.getBuyAndSaleStatistics - ==> Parameters: 
2019/12/09-15:11:11 DEBUG [http-nio-8080-exec-10] com.jsh.erp.datasource.mappers.DepotItemMapperEx.inOrOutPrice - <==      Total: 1
2019/12/09-15:11:11 DEBUG [http-nio-8080-exec-4] com.jsh.erp.datasource.mappers.DepotHeadMapperEx.getBuyAndSaleStatistics - <==      Total: 1
2019/12/09-15:11:11 DEBUG [http-nio-8080-exec-10] com.jsh.erp.datasource.mappers.DepotItemMapperEx.inOrOutPrice - ==>  Preparing: SELECT ifnull(sum(DiscountLastMoney), 0) AS allMoney FROM jsh_depothead dh WHERE dh.tenant_id = 63 AND 1 = 1 AND dh.type = '出库' AND dh.subType = '销售' AND dh.OperTime >= '2019-08-01 00:00:00' AND dh.OperTime <= '2019-08-31 23:59:59' AND ifnull(dh.delete_Flag, '0') != '1' 
2019/12/09-15:11:11 DEBUG [http-nio-8080-exec-4] com.jsh.erp.datasource.mappers.DepotHeadMapperEx.getBuyAndSaleStatistics - ==>  Preparing: SELECT ifnull(sum(DiscountLastMoney), 0) FROM jsh_depothead WHERE jsh_depothead.tenant_id = 63 AND 1 = 1 AND Type = '出库' AND SubType = '销售' AND OrganId IS NULL AND OperTime >= '2019-12-01 00:00:00' AND OperTime <= '2019-12-09 15:11:11' AND ifnull(delete_Flag, '0') != '1' 
2019/12/09-15:11:11 DEBUG [http-nio-8080-exec-4] com.jsh.erp.datasource.mappers.DepotHeadMapperEx.getBuyAndSaleStatistics - ==> Parameters: 
2019/12/09-15:11:11 DEBUG [http-nio-8080-exec-10] com.jsh.erp.datasource.mappers.DepotItemMapperEx.inOrOutPrice - ==> Parameters: 
2019/12/09-15:11:11 DEBUG [http-nio-8080-exec-4] com.jsh.erp.datasource.mappers.DepotHeadMapperEx.getBuyAndSaleStatistics - <==      Total: 1
2019/12/09-15:11:11 DEBUG [http-nio-8080-exec-10] com.jsh.erp.datasource.mappers.DepotItemMapperEx.inOrOutPrice - <==      Total: 1
2019/12/09-15:11:11 DEBUG [http-nio-8080-exec-10] com.jsh.erp.datasource.mappers.DepotItemMapperEx.inOrOutPrice - ==>  Preparing: SELECT ifnull(sum(DiscountLastMoney), 0) AS allMoney FROM jsh_depothead dh WHERE dh.tenant_id = 63 AND 1 = 1 AND dh.type = '入库' AND dh.subType = '销售退货' AND dh.OperTime >= '2019-08-01 00:00:00' AND dh.OperTime <= '2019-08-31 23:59:59' AND ifnull(dh.delete_Flag, '0') != '1' 
2019/12/09-15:11:11 DEBUG [http-nio-8080-exec-4] com.jsh.erp.datasource.mappers.DepotHeadMapperEx.getBuyAndSaleStatistics - ==>  Preparing: SELECT ifnull(sum(DiscountLastMoney), 0) FROM jsh_depothead WHERE jsh_depothead.tenant_id = 63 AND 1 = 1 AND Type = '入库' AND SubType = '采购' AND OrganId IS NOT NULL AND OperTime >= '2019-12-01 00:00:00' AND OperTime <= '2019-12-09 15:11:11' AND ifnull(delete_Flag, '0') != '1' 
2019/12/09-15:11:11 DEBUG [http-nio-8080-exec-4] com.jsh.erp.datasource.mappers.DepotHeadMapperEx.getBuyAndSaleStatistics - ==> Parameters: 
2019/12/09-15:11:11 DEBUG [http-nio-8080-exec-10] com.jsh.erp.datasource.mappers.DepotItemMapperEx.inOrOutPrice - ==> Parameters: 
2019/12/09-15:11:11 DEBUG [http-nio-8080-exec-10] com.jsh.erp.datasource.mappers.DepotItemMapperEx.inOrOutPrice - <==      Total: 1
2019/12/09-15:11:11 DEBUG [http-nio-8080-exec-4] com.jsh.erp.datasource.mappers.DepotHeadMapperEx.getBuyAndSaleStatistics - <==      Total: 1
2019/12/09-15:11:11 DEBUG [http-nio-8080-exec-10] com.jsh.erp.datasource.mappers.DepotItemMapperEx.inOrOutPrice - ==>  Preparing: SELECT ifnull(sum(DiscountLastMoney), 0) AS allMoney FROM jsh_depothead dh WHERE dh.tenant_id = 63 AND 1 = 1 AND dh.type = '出库' AND dh.subType = '销售' AND dh.OperTime >= '2019-09-01 00:00:00' AND dh.OperTime <= '2019-09-31 23:59:59' AND ifnull(dh.delete_Flag, '0') != '1' 
2019/12/09-15:11:11 DEBUG [http-nio-8080-exec-10] com.jsh.erp.datasource.mappers.DepotItemMapperEx.inOrOutPrice - ==> Parameters: 
2019/12/09-15:11:11 DEBUG [http-nio-8080-exec-10] com.jsh.erp.datasource.mappers.DepotItemMapperEx.inOrOutPrice - <==      Total: 1
2019/12/09-15:11:11 DEBUG [http-nio-8080-exec-10] com.jsh.erp.datasource.mappers.DepotItemMapperEx.inOrOutPrice - ==>  Preparing: SELECT ifnull(sum(DiscountLastMoney), 0) AS allMoney FROM jsh_depothead dh WHERE dh.tenant_id = 63 AND 1 = 1 AND dh.type = '入库' AND dh.subType = '销售退货' AND dh.OperTime >= '2019-09-01 00:00:00' AND dh.OperTime <= '2019-09-31 23:59:59' AND ifnull(dh.delete_Flag, '0') != '1' 
2019/12/09-15:11:11 DEBUG [http-nio-8080-exec-10] com.jsh.erp.datasource.mappers.DepotItemMapperEx.inOrOutPrice - ==> Parameters: 
2019/12/09-15:11:11 DEBUG [http-nio-8080-exec-10] com.jsh.erp.datasource.mappers.DepotItemMapperEx.inOrOutPrice - <==      Total: 1
2019/12/09-15:11:11 DEBUG [http-nio-8080-exec-10] com.jsh.erp.datasource.mappers.DepotItemMapperEx.inOrOutPrice - ==>  Preparing: SELECT ifnull(sum(DiscountLastMoney), 0) AS allMoney FROM jsh_depothead dh WHERE dh.tenant_id = 63 AND 1 = 1 AND dh.type = '出库' AND dh.subType = '销售' AND dh.OperTime >= '2019-10-01 00:00:00' AND dh.OperTime <= '2019-10-31 23:59:59' AND ifnull(dh.delete_Flag, '0') != '1' 
2019/12/09-15:11:11 DEBUG [http-nio-8080-exec-10] com.jsh.erp.datasource.mappers.DepotItemMapperEx.inOrOutPrice - ==> Parameters: 
2019/12/09-15:11:11 DEBUG [http-nio-8080-exec-10] com.jsh.erp.datasource.mappers.DepotItemMapperEx.inOrOutPrice - <==      Total: 1
2019/12/09-15:11:11 DEBUG [http-nio-8080-exec-10] com.jsh.erp.datasource.mappers.DepotItemMapperEx.inOrOutPrice - ==>  Preparing: SELECT ifnull(sum(DiscountLastMoney), 0) AS allMoney FROM jsh_depothead dh WHERE dh.tenant_id = 63 AND 1 = 1 AND dh.type = '入库' AND dh.subType = '销售退货' AND dh.OperTime >= '2019-10-01 00:00:00' AND dh.OperTime <= '2019-10-31 23:59:59' AND ifnull(dh.delete_Flag, '0') != '1' 
2019/12/09-15:11:11 DEBUG [http-nio-8080-exec-10] com.jsh.erp.datasource.mappers.DepotItemMapperEx.inOrOutPrice - ==> Parameters: 
2019/12/09-15:11:11 DEBUG [http-nio-8080-exec-10] com.jsh.erp.datasource.mappers.DepotItemMapperEx.inOrOutPrice - <==      Total: 1
2019/12/09-15:11:11 DEBUG [http-nio-8080-exec-10] com.jsh.erp.datasource.mappers.DepotItemMapperEx.inOrOutPrice - ==>  Preparing: SELECT ifnull(sum(DiscountLastMoney), 0) AS allMoney FROM jsh_depothead dh WHERE dh.tenant_id = 63 AND 1 = 1 AND dh.type = '出库' AND dh.subType = '销售' AND dh.OperTime >= '2019-11-01 00:00:00' AND dh.OperTime <= '2019-11-31 23:59:59' AND ifnull(dh.delete_Flag, '0') != '1' 
2019/12/09-15:11:11 DEBUG [http-nio-8080-exec-10] com.jsh.erp.datasource.mappers.DepotItemMapperEx.inOrOutPrice - ==> Parameters: 
2019/12/09-15:11:11 DEBUG [http-nio-8080-exec-9] com.jsh.erp.datasource.mappers.UserMapperEx.selectByConditionUser - ==> Parameters: 0(Integer), 10(Integer)
2019/12/09-15:11:11 DEBUG [http-nio-8080-exec-10] com.jsh.erp.datasource.mappers.DepotItemMapperEx.inOrOutPrice - <==      Total: 1
2019/12/09-15:11:11 DEBUG [http-nio-8080-exec-10] com.jsh.erp.datasource.mappers.DepotItemMapperEx.inOrOutPrice - ==>  Preparing: SELECT ifnull(sum(DiscountLastMoney), 0) AS allMoney FROM jsh_depothead dh WHERE dh.tenant_id = 63 AND 1 = 1 AND dh.type = '入库' AND dh.subType = '销售退货' AND dh.OperTime >= '2019-11-01 00:00:00' AND dh.OperTime <= '2019-11-31 23:59:59' AND ifnull(dh.delete_Flag, '0') != '1' 
2019/12/09-15:11:11 DEBUG [http-nio-8080-exec-10] com.jsh.erp.datasource.mappers.DepotItemMapperEx.inOrOutPrice - ==> Parameters: 
2019/12/09-15:11:11 DEBUG [http-nio-8080-exec-10] com.jsh.erp.datasource.mappers.DepotItemMapperEx.inOrOutPrice - <==      Total: 1
2019/12/09-15:11:11 DEBUG [http-nio-8080-exec-10] com.jsh.erp.datasource.mappers.DepotItemMapperEx.inOrOutPrice - ==>  Preparing: SELECT ifnull(sum(DiscountLastMoney), 0) AS allMoney FROM jsh_depothead dh WHERE dh.tenant_id = 63 AND 1 = 1 AND dh.type = '出库' AND dh.subType = '销售' AND dh.OperTime >= '2019-12-01 00:00:00' AND dh.OperTime <= '2019-12-31 23:59:59' AND ifnull(dh.delete_Flag, '0') != '1' 
2019/12/09-15:11:11 DEBUG [http-nio-8080-exec-10] com.jsh.erp.datasource.mappers.DepotItemMapperEx.inOrOutPrice - ==> Parameters: 
2019/12/09-15:11:11 DEBUG [http-nio-8080-exec-10] com.jsh.erp.datasource.mappers.DepotItemMapperEx.inOrOutPrice - <==      Total: 1
2019/12/09-15:11:11 DEBUG [http-nio-8080-exec-10] com.jsh.erp.datasource.mappers.DepotItemMapperEx.inOrOutPrice - ==>  Preparing: SELECT ifnull(sum(DiscountLastMoney), 0) AS allMoney FROM jsh_depothead dh WHERE dh.tenant_id = 63 AND 1 = 1 AND dh.type = '入库' AND dh.subType = '销售退货' AND dh.OperTime >= '2019-12-01 00:00:00' AND dh.OperTime <= '2019-12-31 23:59:59' AND ifnull(dh.delete_Flag, '0') != '1' 
2019/12/09-15:11:11 DEBUG [http-nio-8080-exec-10] com.jsh.erp.datasource.mappers.DepotItemMapperEx.inOrOutPrice - ==> Parameters: 
2019/12/09-15:11:11 DEBUG [http-nio-8080-exec-10] com.jsh.erp.datasource.mappers.DepotItemMapperEx.inOrOutPrice - <==      Total: 1
2019/12/09-15:11:11 DEBUG [http-nio-8080-exec-9] com.jsh.erp.datasource.mappers.UserMapperEx.selectByConditionUser - <==      Total: 1
2019/12/09-15:11:11 DEBUG [http-nio-8080-exec-9] com.jsh.erp.datasource.mappers.UserMapperEx.countsByUser - ==>  Preparing: SELECT COUNT(id) FROM jsh_user WHERE jsh_user.tenant_id = 63 AND 1 = 1 AND ifnull(status, '0') NOT IN ('1', '2') 
2019/12/09-15:11:11 DEBUG [http-nio-8080-exec-9] com.jsh.erp.datasource.mappers.UserMapperEx.countsByUser - ==> Parameters: 
2019/12/09-15:11:12 DEBUG [http-nio-8080-exec-9] com.jsh.erp.datasource.mappers.UserMapperEx.countsByUser - <==      Total: 1
